<?xml version="1.0" encoding="utf-8"?>
<TestRun id="0d432362-b7a6-4af4-86f0-99efeb60982f" name="IvanY@CP116 2021-05-31 18:34:39" runUser="TEAM\IvanY" xmlns="http://microsoft.com/schemas/VisualStudio/TeamTest/2010">
  <Times creation="2021-05-31T18:34:39.7088421+03:00" queuing="2021-05-31T18:34:39.7088441+03:00" start="2021-05-31T18:33:57.3274702+03:00" finish="2021-05-31T18:34:39.7304809+03:00" />
  <TestSettings name="default" id="e1d986e5-8c54-4c7f-8079-0463d31cc832">
    <Deployment runDeploymentRoot="IvanY_CP116_2021-05-31_18_34_39" />
  </TestSettings>
  <Results>
    <UnitTestResult executionId="db79273c-6c6a-4c4f-9367-87787276bdeb" testId="c42e0da4-43c1-4ba0-e099-c25eaaa653de" testName="FirstUITest" computerName="CP116" duration="00:00:36.5350000" startTime="2021-05-31T18:34:02.5732278+03:00" endTime="2021-05-31T18:34:39.1081927+03:00" testType="13cdc9d9-ddb5-4fa4-a97d-d965ccfc6d4b" outcome="Passed" testListId="8c84fa94-04c1-424b-9868-57a2d4851a1d" relativeResultsDirectory="db79273c-6c6a-4c4f-9367-87787276bdeb" />
  </Results>
  <TestDefinitions>
    <UnitTest name="FirstUITest" storage="c:\users\ivany\work\coe\cources\internal\autopractice15-16\tests.ui\bin\debug\netcoreapp2.1\tests.ui.dll" id="c42e0da4-43c1-4ba0-e099-c25eaaa653de">
      <Execution id="db79273c-6c6a-4c4f-9367-87787276bdeb" />
      <TestMethod codeBase="C:\Users\IvanY\Work\COE\Cources\Internal\AutoPractice15-16\Tests.UI\bin\Debug\netcoreapp2.1\Tests.UI.dll" adapterTypeName="executor://nunit3testexecutor/" className="Tests.UI.Tests.WebDriverTests" name="FirstUITest" />
    </UnitTest>
  </TestDefinitions>
  <TestEntries>
    <TestEntry testId="c42e0da4-43c1-4ba0-e099-c25eaaa653de" executionId="db79273c-6c6a-4c4f-9367-87787276bdeb" testListId="8c84fa94-04c1-424b-9868-57a2d4851a1d" />
  </TestEntries>
  <TestLists>
    <TestList name="Results Not in a List" id="8c84fa94-04c1-424b-9868-57a2d4851a1d" />
    <TestList name="All Loaded Results" id="19431567-8539-422a-85d7-44ee4e166bda" />
  </TestLists>
  <ResultSummary outcome="Completed">
    <Counters total="1" executed="1" passed="1" failed="0" error="0" timeout="0" aborted="0" inconclusive="0" passedButRunAborted="0" notRunnable="0" notExecuted="0" disconnected="0" warning="0" completed="0" inProgress="0" pending="0" />
    <Output>
      <StdOut>NUnit Adapter 3.17.0.0: Test execution started&#xD;
Running all tests in C:\Users\IvanY\Work\COE\Cources\Internal\AutoPractice15-16\Tests.UI\bin\Debug\netcoreapp2.1\Tests.UI.dll&#xD;
   NUnit3TestExecutor discovered 1 of 1 NUnit test cases&#xD;
NUnit Adapter 3.17.0.0: Test execution complete&#xD;
</StdOut>
    </Output>
  </ResultSummary>
</TestRun>