<?xml version="1.0" encoding="utf-8"?>
<TestRun id="91414a88-8d8e-4814-a8d7-e9e29bf11acb" name="IvanY@CP116 2021-05-31 18:43:48" runUser="TEAM\IvanY" xmlns="http://microsoft.com/schemas/VisualStudio/TeamTest/2010">
  <Times creation="2021-05-31T18:43:48.4877640+03:00" queuing="2021-05-31T18:43:48.4877655+03:00" start="2021-05-31T18:43:42.9698871+03:00" finish="2021-05-31T18:43:48.5069923+03:00" />
  <TestSettings name="default" id="483ce3ea-cdce-4bb8-96a1-e675c8e4b3e2">
    <Deployment runDeploymentRoot="IvanY_CP116_2021-05-31_18_43_48" />
  </TestSettings>
  <Results>
    <UnitTestResult executionId="059d0097-a7e6-4ac3-9019-039ffe4cebf0" testId="2c3a0854-4e79-675c-ccb0-6444089669eb" testName="GetEmployeeTest1" computerName="CP116" duration="00:00:01.3590000" startTime="2021-05-31T18:43:46.6532695+03:00" endTime="2021-05-31T18:43:48.0116953+03:00" testType="13cdc9d9-ddb5-4fa4-a97d-d965ccfc6d4b" outcome="Passed" testListId="8c84fa94-04c1-424b-9868-57a2d4851a1d" relativeResultsDirectory="059d0097-a7e6-4ac3-9019-039ffe4cebf0" />
  </Results>
  <TestDefinitions>
    <UnitTest name="GetEmployeeTest1" storage="c:\users\ivany\work\coe\cources\internal\autopractice15-16\apitests\bin\debug\netcoreapp2.1\apitests.dll" id="2c3a0854-4e79-675c-ccb0-6444089669eb">
      <Execution id="059d0097-a7e6-4ac3-9019-039ffe4cebf0" />
      <TestMethod codeBase="C:\Users\IvanY\Work\COE\Cources\Internal\AutoPractice15-16\APITests\bin\Debug\netcoreapp2.1\APITests.dll" adapterTypeName="executor://nunit3testexecutor/" className="APITests.ApiTests" name="GetEmployeeTest1" />
    </UnitTest>
  </TestDefinitions>
  <TestEntries>
    <TestEntry testId="2c3a0854-4e79-675c-ccb0-6444089669eb" executionId="059d0097-a7e6-4ac3-9019-039ffe4cebf0" testListId="8c84fa94-04c1-424b-9868-57a2d4851a1d" />
  </TestEntries>
  <TestLists>
    <TestList name="Results Not in a List" id="8c84fa94-04c1-424b-9868-57a2d4851a1d" />
    <TestList name="All Loaded Results" id="19431567-8539-422a-85d7-44ee4e166bda" />
  </TestLists>
  <ResultSummary outcome="Completed">
    <Counters total="1" executed="1" passed="1" failed="0" error="0" timeout="0" aborted="0" inconclusive="0" passedButRunAborted="0" notRunnable="0" notExecuted="0" disconnected="0" warning="0" completed="0" inProgress="0" pending="0" />
    <Output>
      <StdOut>NUnit Adapter 3.17.0.0: Test execution started&#xD;
Running all tests in C:\Users\IvanY\Work\COE\Cources\Internal\AutoPractice15-16\APITests\bin\Debug\netcoreapp2.1\APITests.dll&#xD;
   NUnit3TestExecutor discovered 1 of 1 NUnit test cases&#xD;
NUnit Adapter 3.17.0.0: Test execution complete&#xD;
</StdOut>
    </Output>
  </ResultSummary>
</TestRun>