<?xml version="1.0" encoding="utf-8"?>
<TestRun id="7d7ef92d-f883-4c02-880f-c46233e65898" name="IvanY@CP116 2021-05-31 18:32:53" runUser="TEAM\IvanY" xmlns="http://microsoft.com/schemas/VisualStudio/TeamTest/2010">
  <Times creation="2021-05-31T18:32:53.2743692+03:00" queuing="2021-05-31T18:32:53.2743712+03:00" start="2021-05-31T18:32:42.9491049+03:00" finish="2021-05-31T18:32:53.3260285+03:00" />
  <TestSettings name="default" id="86b81a8f-8207-47db-ac68-603b1c067662">
    <Deployment runDeploymentRoot="IvanY_CP116_2021-05-31_18_32_53" />
  </TestSettings>
  <Results>
    <UnitTestResult executionId="9b023219-25d8-4429-856a-1c5a3135eeb5" testId="c42e0da4-43c1-4ba0-e099-c25eaaa653de" testName="FirstUITest" computerName="CP116" duration="00:00:04.7200000" startTime="2021-05-31T18:32:48.0018907+03:00" endTime="2021-05-31T18:32:52.7218479+03:00" testType="13cdc9d9-ddb5-4fa4-a97d-d965ccfc6d4b" outcome="Failed" testListId="8c84fa94-04c1-424b-9868-57a2d4851a1d" relativeResultsDirectory="9b023219-25d8-4429-856a-1c5a3135eeb5">
      <Output>
        <ErrorInfo>
          <Message>OpenQA.Selenium.NoSuchElementException : Could not find element by: By.Id: treemenu</Message>
          <StackTrace>   at SeleniumExtras.PageObjects.DefaultElementLocator.LocateElement(IEnumerable`1 bys)&#xD;
   at SeleniumExtras.PageObjects.WebElementProxy.get_Element()&#xD;
   at SeleniumExtras.PageObjects.WebElementProxy.Invoke(MethodInfo targetMethod, Object[] args)&#xD;
--- End of stack trace from previous location where exception was thrown ---&#xD;
   at System.Reflection.DispatchProxyGenerator.Invoke(Object[] args)&#xD;
   at Tests.UI.Tests.WebDriverTests.FirstUITest() in C:\Users\IvanY\Work\COE\Cources\Internal\AutoPractice15-16\Tests.UI\Tests\WebDriverTests.cs:line 26</StackTrace>
        </ErrorInfo>
      </Output>
    </UnitTestResult>
  </Results>
  <TestDefinitions>
    <UnitTest name="FirstUITest" storage="c:\users\ivany\work\coe\cources\internal\autopractice15-16\tests.ui\bin\debug\netcoreapp2.1\tests.ui.dll" id="c42e0da4-43c1-4ba0-e099-c25eaaa653de">
      <Execution id="9b023219-25d8-4429-856a-1c5a3135eeb5" />
      <TestMethod codeBase="C:\Users\IvanY\Work\COE\Cources\Internal\AutoPractice15-16\Tests.UI\bin\Debug\netcoreapp2.1\Tests.UI.dll" adapterTypeName="executor://nunit3testexecutor/" className="Tests.UI.Tests.WebDriverTests" name="FirstUITest" />
    </UnitTest>
  </TestDefinitions>
  <TestEntries>
    <TestEntry testId="c42e0da4-43c1-4ba0-e099-c25eaaa653de" executionId="9b023219-25d8-4429-856a-1c5a3135eeb5" testListId="8c84fa94-04c1-424b-9868-57a2d4851a1d" />
  </TestEntries>
  <TestLists>
    <TestList name="Results Not in a List" id="8c84fa94-04c1-424b-9868-57a2d4851a1d" />
    <TestList name="All Loaded Results" id="19431567-8539-422a-85d7-44ee4e166bda" />
  </TestLists>
  <ResultSummary outcome="Failed">
    <Counters total="1" executed="1" passed="0" failed="1" error="0" timeout="0" aborted="0" inconclusive="0" passedButRunAborted="0" notRunnable="0" notExecuted="0" disconnected="0" warning="0" completed="0" inProgress="0" pending="0" />
    <Output>
      <StdOut>NUnit Adapter 3.17.0.0: Test execution started&#xD;
Running all tests in C:\Users\IvanY\Work\COE\Cources\Internal\AutoPractice15-16\Tests.UI\bin\Debug\netcoreapp2.1\Tests.UI.dll&#xD;
   NUnit3TestExecutor discovered 1 of 1 NUnit test cases&#xD;
NUnit Adapter 3.17.0.0: Test execution complete&#xD;
</StdOut>
    </Output>
  </ResultSummary>
</TestRun>