<?xml version="1.0" encoding="utf-8"?>
<TestRun id="8366348c-eff8-4abd-bac5-1bfdbfc1429d" name="IvanY@CP116 2021-05-31 18:43:56" runUser="TEAM\IvanY" xmlns="http://microsoft.com/schemas/VisualStudio/TeamTest/2010">
  <Times creation="2021-05-31T18:43:56.6756517+03:00" queuing="2021-05-31T18:43:56.6756537+03:00" start="2021-05-31T18:43:43.9231045+03:00" finish="2021-05-31T18:43:57.0972367+03:00" />
  <TestSettings name="default" id="313ebf6f-2f2d-4d91-a9c9-d4d0dfbea707">
    <Deployment runDeploymentRoot="IvanY_CP116_2021-05-31_18_43_56" />
  </TestSettings>
  <Results>
    <UnitTestResult executionId="d8ce1632-050c-4f4a-a8b3-ca8a45592421" testId="c42e0da4-43c1-4ba0-e099-c25eaaa653de" testName="FirstUITest" computerName="CP116" duration="00:00:06.2340000" startTime="2021-05-31T18:43:50.1833968+03:00" endTime="2021-05-31T18:43:56.4170453+03:00" testType="13cdc9d9-ddb5-4fa4-a97d-d965ccfc6d4b" outcome="Failed" testListId="8c84fa94-04c1-424b-9868-57a2d4851a1d" relativeResultsDirectory="d8ce1632-050c-4f4a-a8b3-ca8a45592421">
      <Output>
        <ErrorInfo>
          <Message>OpenQA.Selenium.NoSuchElementException : Could not find element by: By.Id: treemenu</Message>
          <StackTrace>   at SeleniumExtras.PageObjects.DefaultElementLocator.LocateElement(IEnumerable`1 bys)&#xD;
   at SeleniumExtras.PageObjects.WebElementProxy.get_Element()&#xD;
   at SeleniumExtras.PageObjects.WebElementProxy.Invoke(MethodInfo targetMethod, Object[] args)&#xD;
--- End of stack trace from previous location where exception was thrown ---&#xD;
   at System.Reflection.DispatchProxyGenerator.Invoke(Object[] args)&#xD;
   at Tests.UI.Tests.WebDriverTests.FirstUITest() in C:\Users\IvanY\Work\COE\Cources\Internal\AutoPractice15-16\Tests.UI\Tests\WebDriverTests.cs:line 26</StackTrace>
        </ErrorInfo>
      </Output>
    </UnitTestResult>
  </Results>
  <TestDefinitions>
    <UnitTest name="FirstUITest" storage="c:\users\ivany\work\coe\cources\internal\autopractice15-16\tests.ui\bin\debug\netcoreapp2.1\tests.ui.dll" id="c42e0da4-43c1-4ba0-e099-c25eaaa653de">
      <Execution id="d8ce1632-050c-4f4a-a8b3-ca8a45592421" />
      <TestMethod codeBase="C:\Users\IvanY\Work\COE\Cources\Internal\AutoPractice15-16\Tests.UI\bin\Debug\netcoreapp2.1\Tests.UI.dll" adapterTypeName="executor://nunit3testexecutor/" className="Tests.UI.Tests.WebDriverTests" name="FirstUITest" />
    </UnitTest>
  </TestDefinitions>
  <TestEntries>
    <TestEntry testId="c42e0da4-43c1-4ba0-e099-c25eaaa653de" executionId="d8ce1632-050c-4f4a-a8b3-ca8a45592421" testListId="8c84fa94-04c1-424b-9868-57a2d4851a1d" />
  </TestEntries>
  <TestLists>
    <TestList name="Results Not in a List" id="8c84fa94-04c1-424b-9868-57a2d4851a1d" />
    <TestList name="All Loaded Results" id="19431567-8539-422a-85d7-44ee4e166bda" />
  </TestLists>
  <ResultSummary outcome="Failed">
    <Counters total="1" executed="1" passed="0" failed="1" error="0" timeout="0" aborted="0" inconclusive="0" passedButRunAborted="0" notRunnable="0" notExecuted="0" disconnected="0" warning="0" completed="0" inProgress="0" pending="0" />
    <Output>
      <StdOut>NUnit Adapter 3.17.0.0: Test execution started&#xD;
Running all tests in C:\Users\IvanY\Work\COE\Cources\Internal\AutoPractice15-16\Tests.UI\bin\Debug\netcoreapp2.1\Tests.UI.dll&#xD;
   NUnit3TestExecutor discovered 1 of 1 NUnit test cases&#xD;
NUnit Adapter 3.17.0.0: Test execution complete&#xD;
</StdOut>
    </Output>
  </ResultSummary>
</TestRun>