<?xml version="1.0" encoding="utf-8"?>
<TestRun id="f3333833-1e1f-469b-ade7-c5e39f211967" name="IvanY@CP116 2021-05-31 18:32:43" runUser="TEAM\IvanY" xmlns="http://microsoft.com/schemas/VisualStudio/TeamTest/2010">
  <Times creation="2021-05-31T18:32:43.3116068+03:00" queuing="2021-05-31T18:32:43.3116085+03:00" start="2021-05-31T18:32:37.1301085+03:00" finish="2021-05-31T18:32:43.3361951+03:00" />
  <TestSettings name="default" id="f682ee51-a414-4133-8bd8-643613cf4d5e">
    <Deployment runDeploymentRoot="IvanY_CP116_2021-05-31_18_32_43" />
  </TestSettings>
  <Results>
    <UnitTestResult executionId="2692dbcc-e5ac-4294-b1e4-ee646da9e65c" testId="2c3a0854-4e79-675c-ccb0-6444089669eb" testName="GetEmployeeTest1" computerName="CP116" duration="00:00:01.3260000" startTime="2021-05-31T18:32:41.6648347+03:00" endTime="2021-05-31T18:32:42.9904171+03:00" testType="13cdc9d9-ddb5-4fa4-a97d-d965ccfc6d4b" outcome="Passed" testListId="8c84fa94-04c1-424b-9868-57a2d4851a1d" relativeResultsDirectory="2692dbcc-e5ac-4294-b1e4-ee646da9e65c" />
  </Results>
  <TestDefinitions>
    <UnitTest name="GetEmployeeTest1" storage="c:\users\ivany\work\coe\cources\internal\autopractice15-16\apitests\bin\debug\netcoreapp2.1\apitests.dll" id="2c3a0854-4e79-675c-ccb0-6444089669eb">
      <Execution id="2692dbcc-e5ac-4294-b1e4-ee646da9e65c" />
      <TestMethod codeBase="C:\Users\IvanY\Work\COE\Cources\Internal\AutoPractice15-16\APITests\bin\Debug\netcoreapp2.1\APITests.dll" adapterTypeName="executor://nunit3testexecutor/" className="APITests.ApiTests" name="GetEmployeeTest1" />
    </UnitTest>
  </TestDefinitions>
  <TestEntries>
    <TestEntry testId="2c3a0854-4e79-675c-ccb0-6444089669eb" executionId="2692dbcc-e5ac-4294-b1e4-ee646da9e65c" testListId="8c84fa94-04c1-424b-9868-57a2d4851a1d" />
  </TestEntries>
  <TestLists>
    <TestList name="Results Not in a List" id="8c84fa94-04c1-424b-9868-57a2d4851a1d" />
    <TestList name="All Loaded Results" id="19431567-8539-422a-85d7-44ee4e166bda" />
  </TestLists>
  <ResultSummary outcome="Completed">
    <Counters total="1" executed="1" passed="1" failed="0" error="0" timeout="0" aborted="0" inconclusive="0" passedButRunAborted="0" notRunnable="0" notExecuted="0" disconnected="0" warning="0" completed="0" inProgress="0" pending="0" />
    <Output>
      <StdOut>NUnit Adapter 3.17.0.0: Test execution started&#xD;
Running all tests in C:\Users\IvanY\Work\COE\Cources\Internal\AutoPractice15-16\APITests\bin\Debug\netcoreapp2.1\APITests.dll&#xD;
   NUnit3TestExecutor discovered 1 of 1 NUnit test cases&#xD;
NUnit Adapter 3.17.0.0: Test execution complete&#xD;
</StdOut>
    </Output>
  </ResultSummary>
</TestRun>